2023-06-29 01:35:15.395 [main] INFO  com.test.FinalprojectApplication - Starting FinalprojectApplication using Java 1.8.0_191 on DESKTOP-IQKC8MC with PID 19868 (F:\project\mall\target\classes started by f in F:\project\mall)
2023-06-29 01:35:15.398 [main] INFO  com.test.FinalprojectApplication - No active profile set, falling back to default profiles: default
2023-06-29 01:35:16.230 [main] INFO  org.springframework.boot.web.embedded.tomcat.TomcatWebServer - Tomcat initialized with port(s): 9000 (http)
2023-06-29 01:35:16.236 [main] INFO  org.apache.catalina.core.StandardService - Starting service [Tomcat]
2023-06-29 01:35:16.236 [main] INFO  org.apache.catalina.core.StandardEngine - Starting Servlet engine: [Apache Tomcat/9.0.53]
2023-06-29 01:35:16.238 [main] INFO  org.apache.catalina.core.AprLifecycleListener - An older version [1.2.14] of the Apache Tomcat Native library is installed, while Tomcat recommends a minimum version of [1.2.30]
2023-06-29 01:35:16.238 [main] INFO  org.apache.catalina.core.AprLifecycleListener - Loaded Apache Tomcat Native library [1.2.14] using APR version [1.6.2].
2023-06-29 01:35:16.238 [main] INFO  org.apache.catalina.core.AprLifecycleListener - APR capabilities: IPv6 [true], sendfile [true], accept filters [false], random [true], UDS [false].
2023-06-29 01:35:16.238 [main] INFO  org.apache.catalina.core.AprLifecycleListener - APR/OpenSSL configuration: useAprConnector [false], useOpenSSL [true]
2023-06-29 01:35:17.275 [main] INFO  org.apache.catalina.core.AprLifecycleListener - OpenSSL successfully initialized [OpenSSL 1.0.2l  25 May 2017]
2023-06-29 01:35:17.319 [main] INFO  org.apache.catalina.core.ContainerBase.[Tomcat].[localhost].[/] - Initializing Spring embedded WebApplicationContext
2023-06-29 01:35:17.320 [main] INFO  org.springframework.boot.web.servlet.context.ServletWebServerApplicationContext - Root WebApplicationContext: initialization completed in 1888 ms
2023-06-29 01:35:17.465 [main] INFO  com.zaxxer.hikari.HikariDataSource - HikariPool-1 - Starting...
2023-06-29 01:35:17.581 [main] INFO  com.zaxxer.hikari.HikariDataSource - HikariPool-1 - Start completed.
2023-06-29 01:35:18.182 [main] INFO  org.springframework.boot.web.embedded.tomcat.TomcatWebServer - Tomcat started on port(s): 9000 (http) with context path ''
2023-06-29 01:35:18.190 [main] INFO  com.test.FinalprojectApplication - Started FinalprojectApplication in 3.134 seconds (JVM running for 4.715)
2023-06-29 01:37:01.203 [SpringApplicationShutdownHook] INFO  com.zaxxer.hikari.HikariDataSource - HikariPool-1 - Shutdown initiated...
2023-06-29 01:37:01.207 [SpringApplicationShutdownHook] INFO  com.zaxxer.hikari.HikariDataSource - HikariPool-1 - Shutdown completed.
2023-06-29 10:10:14.609 [main] INFO  com.test.FinalprojectApplication - Starting FinalprojectApplication using Java 1.8.0_191 on DESKTOP-IQKC8MC with PID 12572 (F:\project\mall\target\classes started by f in F:\project\mall)
2023-06-29 10:10:14.663 [main] INFO  com.test.FinalprojectApplication - No active profile set, falling back to default profiles: default
2023-06-29 10:10:16.729 [main] INFO  org.springframework.boot.web.embedded.tomcat.TomcatWebServer - Tomcat initialized with port(s): 9000 (http)
2023-06-29 10:10:16.745 [main] INFO  org.apache.catalina.core.StandardService - Starting service [Tomcat]
2023-06-29 10:10:16.746 [main] INFO  org.apache.catalina.core.StandardEngine - Starting Servlet engine: [Apache Tomcat/9.0.53]
2023-06-29 10:10:16.750 [main] INFO  org.apache.catalina.core.AprLifecycleListener - An older version [1.2.14] of the Apache Tomcat Native library is installed, while Tomcat recommends a minimum version of [1.2.30]
2023-06-29 10:10:16.751 [main] INFO  org.apache.catalina.core.AprLifecycleListener - Loaded Apache Tomcat Native library [1.2.14] using APR version [1.6.2].
2023-06-29 10:10:16.752 [main] INFO  org.apache.catalina.core.AprLifecycleListener - APR capabilities: IPv6 [true], sendfile [true], accept filters [false], random [true], UDS [false].
2023-06-29 10:10:16.753 [main] INFO  org.apache.catalina.core.AprLifecycleListener - APR/OpenSSL configuration: useAprConnector [false], useOpenSSL [true]
2023-06-29 10:10:17.883 [main] INFO  org.apache.catalina.core.AprLifecycleListener - OpenSSL successfully initialized [OpenSSL 1.0.2l  25 May 2017]
2023-06-29 10:10:18.009 [main] INFO  org.apache.catalina.core.ContainerBase.[Tomcat].[localhost].[/] - Initializing Spring embedded WebApplicationContext
2023-06-29 10:10:18.009 [main] INFO  org.springframework.boot.web.servlet.context.ServletWebServerApplicationContext - Root WebApplicationContext: initialization completed in 3244 ms
2023-06-29 10:10:18.392 [main] INFO  com.zaxxer.hikari.HikariDataSource - HikariPool-1 - Starting...
2023-06-29 10:10:18.603 [main] INFO  com.zaxxer.hikari.HikariDataSource - HikariPool-1 - Start completed.
2023-06-29 10:10:20.130 [main] INFO  org.springframework.boot.web.embedded.tomcat.TomcatWebServer - Tomcat started on port(s): 9000 (http) with context path ''
2023-06-29 10:10:20.148 [main] INFO  com.test.FinalprojectApplication - Started FinalprojectApplication in 6.523 seconds (JVM running for 11.464)
2023-06-29 10:10:47.038 [http-nio-9000-exec-1] INFO  org.apache.catalina.core.ContainerBase.[Tomcat].[localhost].[/] - Initializing Spring DispatcherServlet 'dispatcherServlet'
2023-06-29 10:10:47.039 [http-nio-9000-exec-1] INFO  org.springframework.web.servlet.DispatcherServlet - Initializing Servlet 'dispatcherServlet'
2023-06-29 10:10:47.043 [http-nio-9000-exec-1] INFO  org.springframework.web.servlet.DispatcherServlet - Completed initialization in 4 ms
2023-06-29 12:40:44.436 [SpringApplicationShutdownHook] INFO  com.zaxxer.hikari.HikariDataSource - HikariPool-1 - Shutdown initiated...
2023-06-29 12:40:44.441 [SpringApplicationShutdownHook] INFO  com.zaxxer.hikari.HikariDataSource - HikariPool-1 - Shutdown completed.
2023-06-29 12:40:53.531 [main] INFO  com.test.FinalprojectApplication - Starting FinalprojectApplication using Java 1.8.0_191 on DESKTOP-IQKC8MC with PID 22948 (F:\project\mall\target\classes started by f in F:\project\mall)
2023-06-29 12:40:53.533 [main] INFO  com.test.FinalprojectApplication - No active profile set, falling back to default profiles: default
2023-06-29 12:40:54.219 [main] INFO  org.springframework.boot.web.embedded.tomcat.TomcatWebServer - Tomcat initialized with port(s): 9000 (http)
2023-06-29 12:40:54.226 [main] INFO  org.apache.catalina.core.StandardService - Starting service [Tomcat]
2023-06-29 12:40:54.226 [main] INFO  org.apache.catalina.core.StandardEngine - Starting Servlet engine: [Apache Tomcat/9.0.53]
2023-06-29 12:40:54.227 [main] INFO  org.apache.catalina.core.AprLifecycleListener - An older version [1.2.14] of the Apache Tomcat Native library is installed, while Tomcat recommends a minimum version of [1.2.30]
2023-06-29 12:40:54.227 [main] INFO  org.apache.catalina.core.AprLifecycleListener - Loaded Apache Tomcat Native library [1.2.14] using APR version [1.6.2].
2023-06-29 12:40:54.227 [main] INFO  org.apache.catalina.core.AprLifecycleListener - APR capabilities: IPv6 [true], sendfile [true], accept filters [false], random [true], UDS [false].
2023-06-29 12:40:54.227 [main] INFO  org.apache.catalina.core.AprLifecycleListener - APR/OpenSSL configuration: useAprConnector [false], useOpenSSL [true]
2023-06-29 12:40:55.275 [main] INFO  org.apache.catalina.core.AprLifecycleListener - OpenSSL successfully initialized [OpenSSL 1.0.2l  25 May 2017]
2023-06-29 12:40:55.329 [main] INFO  org.apache.catalina.core.ContainerBase.[Tomcat].[localhost].[/] - Initializing Spring embedded WebApplicationContext
2023-06-29 12:40:55.329 [main] INFO  org.springframework.boot.web.servlet.context.ServletWebServerApplicationContext - Root WebApplicationContext: initialization completed in 1768 ms
2023-06-29 12:40:55.453 [main] INFO  com.zaxxer.hikari.HikariDataSource - HikariPool-1 - Starting...
2023-06-29 12:40:55.538 [main] INFO  com.zaxxer.hikari.HikariDataSource - HikariPool-1 - Start completed.
2023-06-29 12:40:56.035 [main] INFO  org.springframework.boot.web.embedded.tomcat.TomcatWebServer - Tomcat started on port(s): 9000 (http) with context path ''
2023-06-29 12:40:56.041 [main] INFO  com.test.FinalprojectApplication - Started FinalprojectApplication in 2.795 seconds (JVM running for 4.206)
2023-06-29 12:41:17.710 [http-nio-9000-exec-1] INFO  org.apache.catalina.core.ContainerBase.[Tomcat].[localhost].[/] - Initializing Spring DispatcherServlet 'dispatcherServlet'
2023-06-29 12:41:17.710 [http-nio-9000-exec-1] INFO  org.springframework.web.servlet.DispatcherServlet - Initializing Servlet 'dispatcherServlet'
2023-06-29 12:41:17.712 [http-nio-9000-exec-1] INFO  org.springframework.web.servlet.DispatcherServlet - Completed initialization in 2 ms
2023-06-29 12:41:39.791 [SpringApplicationShutdownHook] INFO  com.zaxxer.hikari.HikariDataSource - HikariPool-1 - Shutdown initiated...
2023-06-29 12:41:39.797 [SpringApplicationShutdownHook] INFO  com.zaxxer.hikari.HikariDataSource - HikariPool-1 - Shutdown completed.
2023-06-29 12:41:45.370 [main] INFO  com.test.FinalprojectApplication - Starting FinalprojectApplication using Java 1.8.0_191 on DESKTOP-IQKC8MC with PID 15708 (F:\project\mall\target\classes started by f in F:\project\mall)
2023-06-29 12:41:45.372 [main] INFO  com.test.FinalprojectApplication - No active profile set, falling back to default profiles: default
2023-06-29 12:41:46.245 [main] INFO  org.springframework.boot.web.embedded.tomcat.TomcatWebServer - Tomcat initialized with port(s): 9000 (http)
2023-06-29 12:41:46.261 [main] INFO  org.apache.catalina.core.StandardService - Starting service [Tomcat]
2023-06-29 12:41:46.262 [main] INFO  org.apache.catalina.core.StandardEngine - Starting Servlet engine: [Apache Tomcat/9.0.53]
2023-06-29 12:41:46.263 [main] INFO  org.apache.catalina.core.AprLifecycleListener - An older version [1.2.14] of the Apache Tomcat Native library is installed, while Tomcat recommends a minimum version of [1.2.30]
2023-06-29 12:41:46.263 [main] INFO  org.apache.catalina.core.AprLifecycleListener - Loaded Apache Tomcat Native library [1.2.14] using APR version [1.6.2].
2023-06-29 12:41:46.263 [main] INFO  org.apache.catalina.core.AprLifecycleListener - APR capabilities: IPv6 [true], sendfile [true], accept filters [false], random [true], UDS [false].
2023-06-29 12:41:46.263 [main] INFO  org.apache.catalina.core.AprLifecycleListener - APR/OpenSSL configuration: useAprConnector [false], useOpenSSL [true]
2023-06-29 12:41:47.307 [main] INFO  org.apache.catalina.core.AprLifecycleListener - OpenSSL successfully initialized [OpenSSL 1.0.2l  25 May 2017]
2023-06-29 12:41:47.350 [main] INFO  org.apache.catalina.core.ContainerBase.[Tomcat].[localhost].[/] - Initializing Spring embedded WebApplicationContext
2023-06-29 12:41:47.350 [main] INFO  org.springframework.boot.web.servlet.context.ServletWebServerApplicationContext - Root WebApplicationContext: initialization completed in 1946 ms
2023-06-29 12:41:47.471 [main] INFO  com.zaxxer.hikari.HikariDataSource - HikariPool-1 - Starting...
2023-06-29 12:41:47.551 [main] INFO  com.zaxxer.hikari.HikariDataSource - HikariPool-1 - Start completed.
2023-06-29 12:41:48.030 [main] INFO  org.springframework.boot.web.embedded.tomcat.TomcatWebServer - Tomcat started on port(s): 9000 (http) with context path ''
2023-06-29 12:41:48.037 [main] INFO  com.test.FinalprojectApplication - Started FinalprojectApplication in 2.969 seconds (JVM running for 4.507)
2023-06-29 12:42:04.875 [http-nio-9000-exec-1] INFO  org.apache.catalina.core.ContainerBase.[Tomcat].[localhost].[/] - Initializing Spring DispatcherServlet 'dispatcherServlet'
2023-06-29 12:42:04.876 [http-nio-9000-exec-1] INFO  org.springframework.web.servlet.DispatcherServlet - Initializing Servlet 'dispatcherServlet'
2023-06-29 12:42:04.878 [http-nio-9000-exec-1] INFO  org.springframework.web.servlet.DispatcherServlet - Completed initialization in 2 ms
2023-06-29 12:43:57.143 [SpringApplicationShutdownHook] INFO  com.zaxxer.hikari.HikariDataSource - HikariPool-1 - Shutdown initiated...
2023-06-29 12:43:57.149 [SpringApplicationShutdownHook] INFO  com.zaxxer.hikari.HikariDataSource - HikariPool-1 - Shutdown completed.
2023-06-29 12:44:06.325 [main] INFO  com.test.FinalprojectApplication - Starting FinalprojectApplication using Java 1.8.0_191 on DESKTOP-IQKC8MC with PID 18436 (F:\project\mall\target\classes started by f in F:\project\mall)
2023-06-29 12:44:06.327 [main] INFO  com.test.FinalprojectApplication - No active profile set, falling back to default profiles: default
2023-06-29 12:44:07.037 [main] INFO  org.springframework.boot.web.embedded.tomcat.TomcatWebServer - Tomcat initialized with port(s): 9000 (http)
2023-06-29 12:44:07.042 [main] INFO  org.apache.catalina.core.StandardService - Starting service [Tomcat]
2023-06-29 12:44:07.042 [main] INFO  org.apache.catalina.core.StandardEngine - Starting Servlet engine: [Apache Tomcat/9.0.53]
2023-06-29 12:44:07.043 [main] INFO  org.apache.catalina.core.AprLifecycleListener - An older version [1.2.14] of the Apache Tomcat Native library is installed, while Tomcat recommends a minimum version of [1.2.30]
2023-06-29 12:44:07.044 [main] INFO  org.apache.catalina.core.AprLifecycleListener - Loaded Apache Tomcat Native library [1.2.14] using APR version [1.6.2].
2023-06-29 12:44:07.044 [main] INFO  org.apache.catalina.core.AprLifecycleListener - APR capabilities: IPv6 [true], sendfile [true], accept filters [false], random [true], UDS [false].
2023-06-29 12:44:07.044 [main] INFO  org.apache.catalina.core.AprLifecycleListener - APR/OpenSSL configuration: useAprConnector [false], useOpenSSL [true]
2023-06-29 12:44:08.087 [main] INFO  org.apache.catalina.core.AprLifecycleListener - OpenSSL successfully initialized [OpenSSL 1.0.2l  25 May 2017]
2023-06-29 12:44:08.135 [main] INFO  org.apache.catalina.core.ContainerBase.[Tomcat].[localhost].[/] - Initializing Spring embedded WebApplicationContext
2023-06-29 12:44:08.135 [main] INFO  org.springframework.boot.web.servlet.context.ServletWebServerApplicationContext - Root WebApplicationContext: initialization completed in 1779 ms
2023-06-29 12:44:08.261 [main] INFO  com.zaxxer.hikari.HikariDataSource - HikariPool-1 - Starting...
2023-06-29 12:44:08.336 [main] INFO  com.zaxxer.hikari.HikariDataSource - HikariPool-1 - Start completed.
2023-06-29 12:44:08.799 [main] INFO  org.springframework.boot.web.embedded.tomcat.TomcatWebServer - Tomcat started on port(s): 9000 (http) with context path ''
2023-06-29 12:44:08.806 [main] INFO  com.test.FinalprojectApplication - Started FinalprojectApplication in 2.752 seconds (JVM running for 4.34)
2023-06-29 12:44:15.690 [http-nio-9000-exec-1] INFO  org.apache.catalina.core.ContainerBase.[Tomcat].[localhost].[/] - Initializing Spring DispatcherServlet 'dispatcherServlet'
2023-06-29 12:44:15.690 [http-nio-9000-exec-1] INFO  org.springframework.web.servlet.DispatcherServlet - Initializing Servlet 'dispatcherServlet'
2023-06-29 12:44:15.692 [http-nio-9000-exec-1] INFO  org.springframework.web.servlet.DispatcherServlet - Completed initialization in 2 ms
2023-06-29 17:00:03.339 [SpringApplicationShutdownHook] INFO  com.zaxxer.hikari.HikariDataSource - HikariPool-1 - Shutdown initiated...
2023-06-29 17:00:03.343 [SpringApplicationShutdownHook] INFO  com.zaxxer.hikari.HikariDataSource - HikariPool-1 - Shutdown completed.
2023-06-29 17:00:10.924 [main] INFO  com.test.FinalprojectApplication - Starting FinalprojectApplication using Java 1.8.0_191 on DESKTOP-IQKC8MC with PID 4016 (F:\project\mall\target\classes started by f in F:\project\mall)
2023-06-29 17:00:10.926 [main] INFO  com.test.FinalprojectApplication - No active profile set, falling back to default profiles: default
2023-06-29 17:00:11.637 [main] INFO  org.springframework.boot.web.embedded.tomcat.TomcatWebServer - Tomcat initialized with port(s): 9000 (http)
2023-06-29 17:00:11.642 [main] INFO  org.apache.catalina.core.StandardService - Starting service [Tomcat]
2023-06-29 17:00:11.642 [main] INFO  org.apache.catalina.core.StandardEngine - Starting Servlet engine: [Apache Tomcat/9.0.53]
2023-06-29 17:00:11.643 [main] INFO  org.apache.catalina.core.AprLifecycleListener - An older version [1.2.14] of the Apache Tomcat Native library is installed, while Tomcat recommends a minimum version of [1.2.30]
2023-06-29 17:00:11.643 [main] INFO  org.apache.catalina.core.AprLifecycleListener - Loaded Apache Tomcat Native library [1.2.14] using APR version [1.6.2].
2023-06-29 17:00:11.644 [main] INFO  org.apache.catalina.core.AprLifecycleListener - APR capabilities: IPv6 [true], sendfile [true], accept filters [false], random [true], UDS [false].
2023-06-29 17:00:11.644 [main] INFO  org.apache.catalina.core.AprLifecycleListener - APR/OpenSSL configuration: useAprConnector [false], useOpenSSL [true]
2023-06-29 17:00:12.679 [main] INFO  org.apache.catalina.core.AprLifecycleListener - OpenSSL successfully initialized [OpenSSL 1.0.2l  25 May 2017]
2023-06-29 17:00:12.723 [main] INFO  org.apache.catalina.core.ContainerBase.[Tomcat].[localhost].[/] - Initializing Spring embedded WebApplicationContext
2023-06-29 17:00:12.723 [main] INFO  org.springframework.boot.web.servlet.context.ServletWebServerApplicationContext - Root WebApplicationContext: initialization completed in 1769 ms
2023-06-29 17:00:12.833 [main] INFO  com.zaxxer.hikari.HikariDataSource - HikariPool-1 - Starting...
2023-06-29 17:00:12.910 [main] INFO  com.zaxxer.hikari.HikariDataSource - HikariPool-1 - Start completed.
2023-06-29 17:00:13.413 [main] INFO  org.springframework.boot.web.embedded.tomcat.TomcatWebServer - Tomcat started on port(s): 9000 (http) with context path ''
2023-06-29 17:00:13.419 [main] INFO  com.test.FinalprojectApplication - Started FinalprojectApplication in 2.75 seconds (JVM running for 4.287)
2023-06-29 17:00:17.305 [http-nio-9000-exec-1] INFO  org.apache.catalina.core.ContainerBase.[Tomcat].[localhost].[/] - Initializing Spring DispatcherServlet 'dispatcherServlet'
2023-06-29 17:00:17.305 [http-nio-9000-exec-1] INFO  org.springframework.web.servlet.DispatcherServlet - Initializing Servlet 'dispatcherServlet'
2023-06-29 17:00:17.306 [http-nio-9000-exec-1] INFO  org.springframework.web.servlet.DispatcherServlet - Completed initialization in 1 ms
2023-06-29 17:02:24.296 [SpringApplicationShutdownHook] INFO  com.zaxxer.hikari.HikariDataSource - HikariPool-1 - Shutdown initiated...
2023-06-29 17:02:24.303 [SpringApplicationShutdownHook] INFO  com.zaxxer.hikari.HikariDataSource - HikariPool-1 - Shutdown completed.
2023-06-29 17:02:34.039 [main] INFO  com.test.FinalprojectApplication - Starting FinalprojectApplication using Java 1.8.0_191 on DESKTOP-IQKC8MC with PID 18324 (F:\project\mall\target\classes started by f in F:\project\mall)
2023-06-29 17:02:34.041 [main] INFO  com.test.FinalprojectApplication - No active profile set, falling back to default profiles: default
2023-06-29 17:02:34.769 [main] INFO  org.springframework.boot.web.embedded.tomcat.TomcatWebServer - Tomcat initialized with port(s): 9000 (http)
2023-06-29 17:02:34.775 [main] INFO  org.apache.catalina.core.StandardService - Starting service [Tomcat]
2023-06-29 17:02:34.776 [main] INFO  org.apache.catalina.core.StandardEngine - Starting Servlet engine: [Apache Tomcat/9.0.53]
2023-06-29 17:02:34.777 [main] INFO  org.apache.catalina.core.AprLifecycleListener - An older version [1.2.14] of the Apache Tomcat Native library is installed, while Tomcat recommends a minimum version of [1.2.30]
2023-06-29 17:02:34.777 [main] INFO  org.apache.catalina.core.AprLifecycleListener - Loaded Apache Tomcat Native library [1.2.14] using APR version [1.6.2].
2023-06-29 17:02:34.777 [main] INFO  org.apache.catalina.core.AprLifecycleListener - APR capabilities: IPv6 [true], sendfile [true], accept filters [false], random [true], UDS [false].
2023-06-29 17:02:34.777 [main] INFO  org.apache.catalina.core.AprLifecycleListener - APR/OpenSSL configuration: useAprConnector [false], useOpenSSL [true]
2023-06-29 17:02:35.825 [main] INFO  org.apache.catalina.core.AprLifecycleListener - OpenSSL successfully initialized [OpenSSL 1.0.2l  25 May 2017]
2023-06-29 17:02:35.872 [main] INFO  org.apache.catalina.core.ContainerBase.[Tomcat].[localhost].[/] - Initializing Spring embedded WebApplicationContext
2023-06-29 17:02:35.872 [main] INFO  org.springframework.boot.web.servlet.context.ServletWebServerApplicationContext - Root WebApplicationContext: initialization completed in 1805 ms
2023-06-29 17:02:35.994 [main] INFO  com.zaxxer.hikari.HikariDataSource - HikariPool-1 - Starting...
2023-06-29 17:02:36.076 [main] INFO  com.zaxxer.hikari.HikariDataSource - HikariPool-1 - Start completed.
2023-06-29 17:02:36.605 [main] INFO  org.springframework.boot.web.embedded.tomcat.TomcatWebServer - Tomcat started on port(s): 9000 (http) with context path ''
2023-06-29 17:02:36.612 [main] INFO  com.test.FinalprojectApplication - Started FinalprojectApplication in 2.844 seconds (JVM running for 4.196)
2023-06-29 17:02:55.149 [http-nio-9000-exec-1] INFO  org.apache.catalina.core.ContainerBase.[Tomcat].[localhost].[/] - Initializing Spring DispatcherServlet 'dispatcherServlet'
2023-06-29 17:02:55.149 [http-nio-9000-exec-1] INFO  org.springframework.web.servlet.DispatcherServlet - Initializing Servlet 'dispatcherServlet'
2023-06-29 17:02:55.151 [http-nio-9000-exec-1] INFO  org.springframework.web.servlet.DispatcherServlet - Completed initialization in 2 ms
2023-06-29 17:03:36.708 [SpringApplicationShutdownHook] INFO  com.zaxxer.hikari.HikariDataSource - HikariPool-1 - Shutdown initiated...
2023-06-29 17:03:36.713 [SpringApplicationShutdownHook] INFO  com.zaxxer.hikari.HikariDataSource - HikariPool-1 - Shutdown completed.
2023-06-29 17:03:51.601 [main] INFO  com.test.FinalprojectApplication - Starting FinalprojectApplication using Java 1.8.0_191 on DESKTOP-IQKC8MC with PID 13596 (F:\project\mall\target\classes started by f in F:\project\mall)
2023-06-29 17:03:51.603 [main] INFO  com.test.FinalprojectApplication - No active profile set, falling back to default profiles: default
2023-06-29 17:03:52.271 [main] INFO  org.springframework.boot.web.embedded.tomcat.TomcatWebServer - Tomcat initialized with port(s): 9000 (http)
2023-06-29 17:03:52.276 [main] INFO  org.apache.catalina.core.StandardService - Starting service [Tomcat]
2023-06-29 17:03:52.277 [main] INFO  org.apache.catalina.core.StandardEngine - Starting Servlet engine: [Apache Tomcat/9.0.53]
2023-06-29 17:03:52.277 [main] INFO  org.apache.catalina.core.AprLifecycleListener - An older version [1.2.14] of the Apache Tomcat Native library is installed, while Tomcat recommends a minimum version of [1.2.30]
2023-06-29 17:03:52.278 [main] INFO  org.apache.catalina.core.AprLifecycleListener - Loaded Apache Tomcat Native library [1.2.14] using APR version [1.6.2].
2023-06-29 17:03:52.278 [main] INFO  org.apache.catalina.core.AprLifecycleListener - APR capabilities: IPv6 [true], sendfile [true], accept filters [false], random [true], UDS [false].
2023-06-29 17:03:52.278 [main] INFO  org.apache.catalina.core.AprLifecycleListener - APR/OpenSSL configuration: useAprConnector [false], useOpenSSL [true]
2023-06-29 17:03:53.316 [main] INFO  org.apache.catalina.core.AprLifecycleListener - OpenSSL successfully initialized [OpenSSL 1.0.2l  25 May 2017]
2023-06-29 17:03:53.360 [main] INFO  org.apache.catalina.core.ContainerBase.[Tomcat].[localhost].[/] - Initializing Spring embedded WebApplicationContext
2023-06-29 17:03:53.361 [main] INFO  org.springframework.boot.web.servlet.context.ServletWebServerApplicationContext - Root WebApplicationContext: initialization completed in 1732 ms
2023-06-29 17:03:53.474 [main] INFO  com.zaxxer.hikari.HikariDataSource - HikariPool-1 - Starting...
2023-06-29 17:03:53.549 [main] INFO  com.zaxxer.hikari.HikariDataSource - HikariPool-1 - Start completed.
2023-06-29 17:03:54.016 [main] INFO  org.springframework.boot.web.embedded.tomcat.TomcatWebServer - Tomcat started on port(s): 9000 (http) with context path ''
2023-06-29 17:03:54.023 [main] INFO  com.test.FinalprojectApplication - Started FinalprojectApplication in 2.677 seconds (JVM running for 4.297)
2023-06-29 17:04:05.582 [http-nio-9000-exec-1] INFO  org.apache.catalina.core.ContainerBase.[Tomcat].[localhost].[/] - Initializing Spring DispatcherServlet 'dispatcherServlet'
2023-06-29 17:04:05.583 [http-nio-9000-exec-1] INFO  org.springframework.web.servlet.DispatcherServlet - Initializing Servlet 'dispatcherServlet'
2023-06-29 17:04:05.585 [http-nio-9000-exec-1] INFO  org.springframework.web.servlet.DispatcherServlet - Completed initialization in 2 ms
2023-06-29 17:04:54.651 [SpringApplicationShutdownHook] INFO  com.zaxxer.hikari.HikariDataSource - HikariPool-1 - Shutdown initiated...
2023-06-29 17:04:54.655 [SpringApplicationShutdownHook] INFO  com.zaxxer.hikari.HikariDataSource - HikariPool-1 - Shutdown completed.
2023-06-29 17:05:04.304 [main] INFO  com.test.FinalprojectApplication - Starting FinalprojectApplication using Java 1.8.0_191 on DESKTOP-IQKC8MC with PID 12416 (F:\project\mall\target\classes started by f in F:\project\mall)
2023-06-29 17:05:04.306 [main] INFO  com.test.FinalprojectApplication - No active profile set, falling back to default profiles: default
2023-06-29 17:05:05.004 [main] INFO  org.springframework.boot.web.embedded.tomcat.TomcatWebServer - Tomcat initialized with port(s): 9000 (http)
2023-06-29 17:05:05.010 [main] INFO  org.apache.catalina.core.StandardService - Starting service [Tomcat]
2023-06-29 17:05:05.010 [main] INFO  org.apache.catalina.core.StandardEngine - Starting Servlet engine: [Apache Tomcat/9.0.53]
2023-06-29 17:05:05.011 [main] INFO  org.apache.catalina.core.AprLifecycleListener - An older version [1.2.14] of the Apache Tomcat Native library is installed, while Tomcat recommends a minimum version of [1.2.30]
2023-06-29 17:05:05.011 [main] INFO  org.apache.catalina.core.AprLifecycleListener - Loaded Apache Tomcat Native library [1.2.14] using APR version [1.6.2].
2023-06-29 17:05:05.011 [main] INFO  org.apache.catalina.core.AprLifecycleListener - APR capabilities: IPv6 [true], sendfile [true], accept filters [false], random [true], UDS [false].
2023-06-29 17:05:05.011 [main] INFO  org.apache.catalina.core.AprLifecycleListener - APR/OpenSSL configuration: useAprConnector [false], useOpenSSL [true]
2023-06-29 17:05:06.055 [main] INFO  org.apache.catalina.core.AprLifecycleListener - OpenSSL successfully initialized [OpenSSL 1.0.2l  25 May 2017]
2023-06-29 17:05:06.104 [main] INFO  org.apache.catalina.core.ContainerBase.[Tomcat].[localhost].[/] - Initializing Spring embedded WebApplicationContext
2023-06-29 17:05:06.104 [main] INFO  org.springframework.boot.web.servlet.context.ServletWebServerApplicationContext - Root WebApplicationContext: initialization completed in 1763 ms
2023-06-29 17:05:06.244 [main] INFO  com.zaxxer.hikari.HikariDataSource - HikariPool-1 - Starting...
2023-06-29 17:05:06.327 [main] INFO  com.zaxxer.hikari.HikariDataSource - HikariPool-1 - Start completed.
2023-06-29 17:05:06.823 [main] INFO  org.springframework.boot.web.embedded.tomcat.TomcatWebServer - Tomcat started on port(s): 9000 (http) with context path ''
2023-06-29 17:05:06.829 [main] INFO  com.test.FinalprojectApplication - Started FinalprojectApplication in 2.789 seconds (JVM running for 4.663)
2023-06-29 17:05:15.965 [http-nio-9000-exec-1] INFO  org.apache.catalina.core.ContainerBase.[Tomcat].[localhost].[/] - Initializing Spring DispatcherServlet 'dispatcherServlet'
2023-06-29 17:05:15.966 [http-nio-9000-exec-1] INFO  org.springframework.web.servlet.DispatcherServlet - Initializing Servlet 'dispatcherServlet'
2023-06-29 17:05:15.967 [http-nio-9000-exec-1] INFO  org.springframework.web.servlet.DispatcherServlet - Completed initialization in 1 ms
2023-06-29 17:06:01.199 [SpringApplicationShutdownHook] INFO  com.zaxxer.hikari.HikariDataSource - HikariPool-1 - Shutdown initiated...
2023-06-29 17:06:01.203 [SpringApplicationShutdownHook] INFO  com.zaxxer.hikari.HikariDataSource - HikariPool-1 - Shutdown completed.
2023-06-29 17:06:08.620 [main] INFO  com.test.FinalprojectApplication - Starting FinalprojectApplication using Java 1.8.0_191 on DESKTOP-IQKC8MC with PID 4992 (F:\project\mall\target\classes started by f in F:\project\mall)
2023-06-29 17:06:08.622 [main] INFO  com.test.FinalprojectApplication - No active profile set, falling back to default profiles: default
2023-06-29 17:06:09.286 [main] INFO  org.springframework.boot.web.embedded.tomcat.TomcatWebServer - Tomcat initialized with port(s): 9000 (http)
2023-06-29 17:06:09.291 [main] INFO  org.apache.catalina.core.StandardService - Starting service [Tomcat]
2023-06-29 17:06:09.291 [main] INFO  org.apache.catalina.core.StandardEngine - Starting Servlet engine: [Apache Tomcat/9.0.53]
2023-06-29 17:06:09.292 [main] INFO  org.apache.catalina.core.AprLifecycleListener - An older version [1.2.14] of the Apache Tomcat Native library is installed, while Tomcat recommends a minimum version of [1.2.30]
2023-06-29 17:06:09.292 [main] INFO  org.apache.catalina.core.AprLifecycleListener - Loaded Apache Tomcat Native library [1.2.14] using APR version [1.6.2].
2023-06-29 17:06:09.293 [main] INFO  org.apache.catalina.core.AprLifecycleListener - APR capabilities: IPv6 [true], sendfile [true], accept filters [false], random [true], UDS [false].
2023-06-29 17:06:09.293 [main] INFO  org.apache.catalina.core.AprLifecycleListener - APR/OpenSSL configuration: useAprConnector [false], useOpenSSL [true]
2023-06-29 17:06:10.341 [main] INFO  org.apache.catalina.core.AprLifecycleListener - OpenSSL successfully initialized [OpenSSL 1.0.2l  25 May 2017]
2023-06-29 17:06:10.384 [main] INFO  org.apache.catalina.core.ContainerBase.[Tomcat].[localhost].[/] - Initializing Spring embedded WebApplicationContext
2023-06-29 17:06:10.385 [main] INFO  org.springframework.boot.web.servlet.context.ServletWebServerApplicationContext - Root WebApplicationContext: initialization completed in 1736 ms
2023-06-29 17:06:10.501 [main] INFO  com.zaxxer.hikari.HikariDataSource - HikariPool-1 - Starting...
2023-06-29 17:06:10.577 [main] INFO  com.zaxxer.hikari.HikariDataSource - HikariPool-1 - Start completed.
2023-06-29 17:06:11.057 [main] INFO  org.springframework.boot.web.embedded.tomcat.TomcatWebServer - Tomcat started on port(s): 9000 (http) with context path ''
2023-06-29 17:06:11.064 [main] INFO  com.test.FinalprojectApplication - Started FinalprojectApplication in 2.693 seconds (JVM running for 4.204)
2023-06-29 17:06:16.779 [http-nio-9000-exec-1] INFO  org.apache.catalina.core.ContainerBase.[Tomcat].[localhost].[/] - Initializing Spring DispatcherServlet 'dispatcherServlet'
2023-06-29 17:06:16.779 [http-nio-9000-exec-1] INFO  org.springframework.web.servlet.DispatcherServlet - Initializing Servlet 'dispatcherServlet'
2023-06-29 17:06:16.781 [http-nio-9000-exec-1] INFO  org.springframework.web.servlet.DispatcherServlet - Completed initialization in 2 ms
2023-06-29 17:07:02.765 [SpringApplicationShutdownHook] INFO  com.zaxxer.hikari.HikariDataSource - HikariPool-1 - Shutdown initiated...
2023-06-29 17:07:02.770 [SpringApplicationShutdownHook] INFO  com.zaxxer.hikari.HikariDataSource - HikariPool-1 - Shutdown completed.
2023-06-29 17:07:11.655 [main] INFO  com.test.FinalprojectApplication - Starting FinalprojectApplication using Java 1.8.0_191 on DESKTOP-IQKC8MC with PID 18828 (F:\project\mall\target\classes started by f in F:\project\mall)
2023-06-29 17:07:11.657 [main] INFO  com.test.FinalprojectApplication - No active profile set, falling back to default profiles: default
2023-06-29 17:07:12.342 [main] INFO  org.springframework.boot.web.embedded.tomcat.TomcatWebServer - Tomcat initialized with port(s): 9000 (http)
2023-06-29 17:07:12.348 [main] INFO  org.apache.catalina.core.StandardService - Starting service [Tomcat]
2023-06-29 17:07:12.348 [main] INFO  org.apache.catalina.core.StandardEngine - Starting Servlet engine: [Apache Tomcat/9.0.53]
2023-06-29 17:07:12.349 [main] INFO  org.apache.catalina.core.AprLifecycleListener - An older version [1.2.14] of the Apache Tomcat Native library is installed, while Tomcat recommends a minimum version of [1.2.30]
2023-06-29 17:07:12.350 [main] INFO  org.apache.catalina.core.AprLifecycleListener - Loaded Apache Tomcat Native library [1.2.14] using APR version [1.6.2].
2023-06-29 17:07:12.350 [main] INFO  org.apache.catalina.core.AprLifecycleListener - APR capabilities: IPv6 [true], sendfile [true], accept filters [false], random [true], UDS [false].
2023-06-29 17:07:12.350 [main] INFO  org.apache.catalina.core.AprLifecycleListener - APR/OpenSSL configuration: useAprConnector [false], useOpenSSL [true]
2023-06-29 17:07:13.397 [main] INFO  org.apache.catalina.core.AprLifecycleListener - OpenSSL successfully initialized [OpenSSL 1.0.2l  25 May 2017]
2023-06-29 17:07:13.441 [main] INFO  org.apache.catalina.core.ContainerBase.[Tomcat].[localhost].[/] - Initializing Spring embedded WebApplicationContext
2023-06-29 17:07:13.442 [main] INFO  org.springframework.boot.web.servlet.context.ServletWebServerApplicationContext - Root WebApplicationContext: initialization completed in 1759 ms
2023-06-29 17:07:13.560 [main] INFO  com.zaxxer.hikari.HikariDataSource - HikariPool-1 - Starting...
2023-06-29 17:07:13.637 [main] INFO  com.zaxxer.hikari.HikariDataSource - HikariPool-1 - Start completed.
2023-06-29 17:07:14.119 [main] INFO  org.springframework.boot.web.embedded.tomcat.TomcatWebServer - Tomcat started on port(s): 9000 (http) with context path ''
2023-06-29 17:07:14.126 [main] INFO  com.test.FinalprojectApplication - Started FinalprojectApplication in 2.722 seconds (JVM running for 4.662)
2023-06-29 17:08:01.327 [http-nio-9000-exec-1] INFO  org.apache.catalina.core.ContainerBase.[Tomcat].[localhost].[/] - Initializing Spring DispatcherServlet 'dispatcherServlet'
2023-06-29 17:08:01.327 [http-nio-9000-exec-1] INFO  org.springframework.web.servlet.DispatcherServlet - Initializing Servlet 'dispatcherServlet'
2023-06-29 17:08:01.329 [http-nio-9000-exec-1] INFO  org.springframework.web.servlet.DispatcherServlet - Completed initialization in 2 ms
2023-06-29 17:13:04.025 [SpringApplicationShutdownHook] INFO  com.zaxxer.hikari.HikariDataSource - HikariPool-1 - Shutdown initiated...
2023-06-29 17:13:04.030 [SpringApplicationShutdownHook] INFO  com.zaxxer.hikari.HikariDataSource - HikariPool-1 - Shutdown completed.
2023-06-29 17:13:12.924 [main] INFO  com.test.FinalprojectApplication - Starting FinalprojectApplication using Java 1.8.0_191 on DESKTOP-IQKC8MC with PID 15832 (F:\project\mall\target\classes started by f in F:\project\mall)
2023-06-29 17:13:12.926 [main] INFO  com.test.FinalprojectApplication - No active profile set, falling back to default profiles: default
2023-06-29 17:13:13.598 [main] INFO  org.springframework.boot.web.embedded.tomcat.TomcatWebServer - Tomcat initialized with port(s): 9000 (http)
2023-06-29 17:13:13.604 [main] INFO  org.apache.catalina.core.StandardService - Starting service [Tomcat]
2023-06-29 17:13:13.604 [main] INFO  org.apache.catalina.core.StandardEngine - Starting Servlet engine: [Apache Tomcat/9.0.53]
2023-06-29 17:13:13.605 [main] INFO  org.apache.catalina.core.AprLifecycleListener - An older version [1.2.14] of the Apache Tomcat Native library is installed, while Tomcat recommends a minimum version of [1.2.30]
2023-06-29 17:13:13.605 [main] INFO  org.apache.catalina.core.AprLifecycleListener - Loaded Apache Tomcat Native library [1.2.14] using APR version [1.6.2].
2023-06-29 17:13:13.606 [main] INFO  org.apache.catalina.core.AprLifecycleListener - APR capabilities: IPv6 [true], sendfile [true], accept filters [false], random [true], UDS [false].
2023-06-29 17:13:13.606 [main] INFO  org.apache.catalina.core.AprLifecycleListener - APR/OpenSSL configuration: useAprConnector [false], useOpenSSL [true]
2023-06-29 17:13:14.644 [main] INFO  org.apache.catalina.core.AprLifecycleListener - OpenSSL successfully initialized [OpenSSL 1.0.2l  25 May 2017]
2023-06-29 17:13:14.689 [main] INFO  org.apache.catalina.core.ContainerBase.[Tomcat].[localhost].[/] - Initializing Spring embedded WebApplicationContext
2023-06-29 17:13:14.689 [main] INFO  org.springframework.boot.web.servlet.context.ServletWebServerApplicationContext - Root WebApplicationContext: initialization completed in 1737 ms
2023-06-29 17:13:14.805 [main] INFO  com.zaxxer.hikari.HikariDataSource - HikariPool-1 - Starting...
2023-06-29 17:13:14.880 [main] INFO  com.zaxxer.hikari.HikariDataSource - HikariPool-1 - Start completed.
2023-06-29 17:13:15.350 [main] INFO  org.springframework.boot.web.embedded.tomcat.TomcatWebServer - Tomcat started on port(s): 9000 (http) with context path ''
2023-06-29 17:13:15.357 [main] INFO  com.test.FinalprojectApplication - Started FinalprojectApplication in 2.69 seconds (JVM running for 4.734)
2023-06-29 21:41:19.439 [http-nio-9000-exec-1] INFO  org.apache.catalina.core.ContainerBase.[Tomcat].[localhost].[/] - Initializing Spring DispatcherServlet 'dispatcherServlet'
2023-06-29 21:41:19.440 [http-nio-9000-exec-1] INFO  org.springframework.web.servlet.DispatcherServlet - Initializing Servlet 'dispatcherServlet'
2023-06-29 21:41:19.449 [http-nio-9000-exec-1] INFO  org.springframework.web.servlet.DispatcherServlet - Completed initialization in 9 ms
2023-06-29 22:01:56.030 [http-nio-9000-exec-2] INFO  org.apache.coyote.http11.Http11Processor - Error parsing HTTP request header
 Note: further occurrences of HTTP request parsing errors will be logged at DEBUG level.
java.lang.IllegalArgumentException: Invalid character found in the request target [/addgoods?goodsname=%E5%86%B0%E4%B8%9D%E7%94%B7%E5%A3%AB%E7%9F%AD%E8%A2%96%E5%A4%8F%E5%AD%A3t%E6%81%A4%E8%8E%AB%E4%BB%A3%E5%B0%94%E5%86%B0%E6%84%9F%E8%96%84%E6%AC%BE%E4%BD%93%E6%81%A4%E7%99%BD%E8%89%B2%E5%8D%B0%E8%8A%B1%E9%80%9F%E5%B9%B2%E5%8D%8A%E8%A2%96%E4%B8%8A%E8%A1%A3%E6%9C%8D&category=summer&price=49&goodsdescribe=%E5%93%81%E7%89%8C%EF%BC%9A%E5%8D%97%E6%9E%81%E4%BA%BA%E5%B0%BA%E7%A0%81%EF%BC%9AM+L+XL+2XL+3XL+4XL%E9%9D%A2%E6%96%99%E5%88%86%E7%B1%BB%EF%BC%9A%E5%86%B0%E4%B8%9D+%E8%8A%B1%E5%9E%8B%E5%9B%BE%E6%A1%88%EF%BC%9A%E5%85%B6%E4%BB%96%2Fother%E9%A2%86%E5%9E%8B%EF%BC%9A%E5%9C%86%E9%A2%86%E9%A2%9C%E8%89%B2%EF%BC%9A%E6%B5%85%E7%81%B0%E8%89%B2+%E6%B7%B1%E7%81%B0%E8%89%B2+2%E4%BB%B669[09%E6%B7%B1%E7%81%B0%2B07%E6%B5%85%E7%81%B0+2%E4%BB%B669[07%E6%B7%B1%E7%81%B0%2B09%E9%BB%91%E8%89%B2+2%E4%BB%B669[07%E7%99%BD%E8%89%B2%2B09%E6%B7%B1%E7%81%B0+2%E4%BB%B669[07%E7%99%BD%E8%89%B2%2B09%E9%BB%91%E8%89%B2+2%E4%BB%B669[09%E6%B7%B1%E7%81%B0%2B12%E9%BB%91%E8%89%B2+2%E4%BB%B669[01%E9%BB%91%E8%89%B2%2B01%E6%B7%B1%E7%81%B0+2%E4%BB%B669[09%E7%99%BD%E8%89%B2%2B07%E6%B5%85%E7%81%B0+2%E4%BB%B669[07%E6%B7%B1%E7%81%B0%2B12%E6%B5%85%E7%81%B0+2%E4%BB%B669[12%E6%B7%B1%E7%81%B0%2B07%E6%B5%85%E7%81%B0+2%E4%BB%B669[07%E6%B7%B1%E7%81%B0%2B12%E9%BB%91%E8%89%B2+2%E4%BB%B669[12%E6%B7%B1%E7%81%B0%2B09%E6%B5%85%E7%81%B0+2%E4%BB%B669[09%E7%99%BD%E8%89%B2%2B12%E7%99%BD%E8%89%B2+2%E4%BB%B669[12%E6%B7%B1%E7%81%B0%2B09%E9%BB%91%E8%89%B2+2%E4%BB%B669[12%E7%99%BD%E8%89%B2%2B07%E9%BB%91%E8%89%B2+2%E4%BB%B669[07%E7%99%BD%E8%89%B2%2B12%E6%B5%85%E7%81%B0+2%E4%BB%B669[01%E9%BB%91%E8%89%B2%2B01%E6%B5%85%E7%81%B0+2%E4%BB%B669[01%E7%99%BD%E8%89%B2%2B01%E9%BB%91%E8%89%B2+2%E4%BB%B669[07%E7%99%BD%E8%89%B2%2B12%E6%B7%B1%E7%81%B0+2%E4%BB%B6%E8%87%AA%E7%94%B1%E7%BB%84%E5%90%88%E3%80%90%E8%81%94%E7%B3%BB%E5%AE%A2%E6%9C%8D%E5%A4%87%E6%B3%A8%E3%80%91+3%E4%BB%B699[09%E6%B7%B1%E7%81%B0%2B09%E7%99%BD%E8%89%B2%2B09%E9%BB%91%E8%89%B2]+3%E4%BB%B699[09%E6%B7%B1%E7%81%B0%2B07%E6%B5%85%E7%81%B0%2B01%E6%B7%B1%E7%81%B0]+3%E4%BB%B699[09%E9%BB%91%E8%89%B2%2B07%E7%99%BD%E8%89%B2%2B12%E7%99%BD%E8%89%B2]+3%E4%BB%B699[09%E7%99%BD%E8%89%B2%2B07%E7%99%BD%E8%89%B2%2B01%E6%B5%85%E7%81%B0]+3%E4%BB%B699[01%E6%B7%B1%E7%81%B0%2B12%E9%BB%91%E8%89%B2%2B12%E7%99%BD%E8%89%B2]+3%E4%BB%B699[07%E7%99%BD%E8%89%B2%2B01%E6%B5%85%E7%81%B0%2B12%E7%99%BD%E8%89%B2]+3%E4%BB%B699[07%E7%99%BD%E8%89%B2%2B07%E9%BB%91%E8%89%B2%2B01%E6%B5%85%E7%81%B0]+3%E4%BB%B699[01%E6%B7%B1%E7%81%B0%2B01%E6%B5%85%E7%81%B0%2B12%E7%99%BD%E8%89%B2]+3%E4%BB%B699[07%E6%B5%85%E7%81%B0%2B01%E6%B5%85%E7%81%B0%2B12%E7%99%BD%E8%89%B2]+3%E4%BB%B699[07%E9%BB%91%E8%89%B2%2B01%E6%B7%B1%E7%81%B0%2B12%E7%99%BD%E8%89%B2]+3%E4%BB%B699%E5%85%83%E6%9B%B4%E5%88%92%E7%AE%97%2F%E8%87%AA%E7%94%B1%E7%BB%84%E5%90%88%E3%80%90%E8%81%94%E7%B3%BB%E5%AE%A2%E6%9C%8D%E5%A4%87%E6%B3%A8%E3%80%91+09%E6%B7%B1%E7%81%B0%E8%89%B2+09%E6%B5%85%E7%81%B0%E8%89%B2+09%E7%99%BD%E8%89%B2+09%E9%BB%91%E8%89%B2+07%E7%99%BD%E8%89%B2+07%E9%BB%91%E8%89%B2+07%E6%B5%85%E7%81%B0%E8%89%B2+07%E6%B7%B1%E7%81%B0%E8%89%B2+12%E7%99%BD%E8%89%B2+12%E9%BB%91%E8%89%B2+12%E6%B5%85%E7%81%B0%E8%89%B2+01%E7%99%BD%E8%89%B2+01%E9%BB%91%E8%89%B2+01%E6%B5%85%E7%81%B0+01%E6%B7%B1%E7%81%B0+02%E7%99%BD%E8%89%B2+02%E6%B5%85%E7%81%B0+%E7%BA%AF%E7%99%BD%E8%89%B2+%E7%BA%AF%E9%BB%91%E8%89%B2+%E8%A2%96%E5%9E%8B%EF%BC%9A%E5%B8%B8%E8%A7%84%E8%B4%A7%E5%8F%B7%EF%BC%9Anjr2022.05.02.12-199777%E7%BB%86%E5%88%86%E9%A3%8E%E6%A0%BC%EF%BC%9A%E6%BD%AE+%E5%9F%BA%E7%A1%80%E9%A3%8E%E6%A0%BC%EF%BC%9A%E9%9D%92%E6%98%A5%E6%B5%81%E8%A1%8C%E5%93%81%E7%89%8C%E7%B1%BB%E5%9E%8B%EF%BC%9A%E5%9B%BD%E5%86%85%E7%9F%A5%E5%90%8D%E5%93%81%E7%89%8C%E9%80%82%E7%94%A8%E5%AD%A3%E8%8A%82%EF%BC%9A%E5%A4%8F%E5%AD%A3+%E4%B8%8A%E5%B8%82%E5%B9%B4%E4%BB%BD%E5%AD%A3%E8%8A%82%EF%BC%9A2023%E5%B9%B4%E6%98%A5%E5%AD%A3%E8%A2%96%E9%95%BF%EF%BC%9A%E7%9F%AD%E8%A2%96%E5%8E%9A%E8%96%84%EF%BC%9A%E8%96%84+%E9%80%82%E7%94%A8%E5%9C%BA%E6%99%AF%EF%BC%9A%E5%85%B6%E4%BB%96%E4%BC%91%E9%97%B2%E7%89%88%E5%9E%8B%EF%BC%9A%E6%A0%87%E5%87%86%E6%AC%BE%E5%BC%8F%E7%BB%86%E8%8A%82%EF%BC%9A%E5%8D%B0%E8%8A%B1+%E6%9C%8D%E9%A5%B0%E5%B7%A5%E8%89%BA%EF%BC%9A%E5%85%8D%E7%83%AB%E5%A4%84%E7%90%86%E9%80%82%E7%94%A8%E5%AF%B9%E8%B1%A1%EF%BC%9A%E9%9D%92%E5%B9%B4%E9%9D%A2%E6%96%99%E5%8A%9F%E8%83%BD%EF%BC%9A%E5%87%89%E6%84%9F+%E5%8D%B0%E8%8A%B1%E4%B8%BB%E9%A2%98%EF%BC%9A%E5%85%B6%E4%BB%96%E9%94%80%E5%94%AE%E6%B8%A0%E9%81%93%E7%B1%BB%E5%9E%8B%EF%BC%9A%E7%BA%AF%E7%94%B5%E5%95%86(%E5%8F%AA%E5%9C%A8%E7%BA%BF%E4%B8%8A%E9%94%80%E5%94%AE)%E6%9D%90%E8%B4%A8%E6%88%90%E5%88%86%EF%BC%9A%E6%A3%8947%25+%E8%8E%AB%E4%BB%A3%E5%B0%94%E7%BA%A4%E7%BB%B4(%E8%8E%AB%E4%BB%A3&goodstitle=%E5%86%B0%E4%B8%9D%E7%94%B7%E5%A3%AB%E7%9F%AD%E8%A2%96%E5%A4%8F%E5%AD%A3t%E6%81%A4%E8%8E%AB%E4%BB%A3%E5%B0%94%E5%86%B0%E6%84%9F%E8%96%84%E6%AC%BE%E4%BD%93%E6%81%A4%E7%99%BD%E8%89%B2%E5%8D%B0%E8%8A%B1%E9%80%9F%E5%B9%B2%E5%8D%8A%E8%A2%96%E4%B8%8A%E8%A1%A3%E6%9C%8D ]. The valid characters are defined in RFC 7230 and RFC 3986
	at org.apache.coyote.http11.Http11InputBuffer.parseRequestLine(Http11InputBuffer.java:494)
	at org.apache.coyote.http11.Http11Processor.service(Http11Processor.java:269)
	at org.apache.coyote.AbstractProcessorLight.process(AbstractProcessorLight.java:65)
	at org.apache.coyote.AbstractProtocol$ConnectionHandler.process(AbstractProtocol.java:893)
	at org.apache.tomcat.util.net.NioEndpoint$SocketProcessor.doRun(NioEndpoint.java:1726)
	at org.apache.tomcat.util.net.SocketProcessorBase.run(SocketProcessorBase.java:49)
	at org.apache.tomcat.util.threads.ThreadPoolExecutor.runWorker(ThreadPoolExecutor.java:1191)
	at org.apache.tomcat.util.threads.ThreadPoolExecutor$Worker.run(ThreadPoolExecutor.java:659)
	at org.apache.tomcat.util.threads.TaskThread$WrappingRunnable.run(TaskThread.java:61)
	at java.lang.Thread.run(Thread.java:748)
2023-06-29 22:02:15.742 [http-nio-9000-exec-7] INFO  org.apache.coyote.http11.Http11Processor - Error parsing HTTP request header
 Note: further occurrences of HTTP request parsing errors will be logged at DEBUG level.
java.lang.IllegalArgumentException: Invalid character found in the request target [/addgoods?goodsname=%E5%86%B0%E4%B8%9D%E7%94%B7%E5%A3%AB%E7%9F%AD%E8%A2%96%E5%A4%8F%E5%AD%A3t%E6%81%A4%E8%8E%AB%E4%BB%A3%E5%B0%94%E5%86%B0%E6%84%9F%E8%96%84%E6%AC%BE%E4%BD%93%E6%81%A4%E7%99%BD%E8%89%B2%E5%8D%B0%E8%8A%B1%E9%80%9F%E5%B9%B2%E5%8D%8A%E8%A2%96%E4%B8%8A%E8%A1%A3%E6%9C%8D&category=summer&price=49&goodsdescribe=%E5%93%81%E7%89%8C%EF%BC%9A%E5%8D%97%E6%9E%81%E4%BA%BA%E5%B0%BA%E7%A0%81%EF%BC%9AM+L+XL+2XL+3XL+4XL%E9%9D%A2%E6%96%99%E5%88%86%E7%B1%BB%EF%BC%9A%E5%86%B0%E4%B8%9D+%E8%8A%B1%E5%9E%8B%E5%9B%BE%E6%A1%88%EF%BC%9A%E5%85%B6%E4%BB%96%2Fother%E9%A2%86%E5%9E%8B%EF%BC%9A%E5%9C%86%E9%A2%86%E9%A2%9C%E8%89%B2%EF%BC%9A%E6%B5%85%E7%81%B0%E8%89%B2+%E6%B7%B1%E7%81%B0%E8%89%B2+2%E4%BB%B669[09%E6%B7%B1%E7%81%B0%2B07%E6%B5%85%E7%81%B0+2%E4%BB%B669[07%E6%B7%B1%E7%81%B0%2B09%E9%BB%91%E8%89%B2+2%E4%BB%B669[07%E7%99%BD%E8%89%B2%2B09%E6%B7%B1%E7%81%B0+2%E4%BB%B669[07%E7%99%BD%E8%89%B2%2B09%E9%BB%91%E8%89%B2+2%E4%BB%B669[09%E6%B7%B1%E7%81%B0%2B12%E9%BB%91%E8%89%B2+2%E4%BB%B669[01%E9%BB%91%E8%89%B2%2B01%E6%B7%B1%E7%81%B0+2%E4%BB%B669[09%E7%99%BD%E8%89%B2%2B07%E6%B5%85%E7%81%B0+2%E4%BB%B669[07%E6%B7%B1%E7%81%B0%2B12%E6%B5%85%E7%81%B0+2%E4%BB%B669[12%E6%B7%B1%E7%81%B0%2B07%E6%B5%85%E7%81%B0+2%E4%BB%B669[07%E6%B7%B1%E7%81%B0%2B12%E9%BB%91%E8%89%B2+2%E4%BB%B669[12%E6%B7%B1%E7%81%B0%2B09%E6%B5%85%E7%81%B0+2%E4%BB%B669[09%E7%99%BD%E8%89%B2%2B12%E7%99%BD%E8%89%B2+2%E4%BB%B669[12%E6%B7%B1%E7%81%B0%2B09%E9%BB%91%E8%89%B2+2%E4%BB%B669[12%E7%99%BD%E8%89%B2%2B07%E9%BB%91%E8%89%B2+2%E4%BB%B669[07%E7%99%BD%E8%89%B2%2B12%E6%B5%85%E7%81%B0+2%E4%BB%B669[01%E9%BB%91%E8%89%B2%2B01%E6%B5%85%E7%81%B0+2%E4%BB%B669[01%E7%99%BD%E8%89%B2%2B01%E9%BB%91%E8%89%B2+2%E4%BB%B669[07%E7%99%BD%E8%89%B2%2B12%E6%B7%B1%E7%81%B0+2%E4%BB%B6%E8%87%AA%E7%94%B1%E7%BB%84%E5%90%88%E3%80%90%E8%81%94%E7%B3%BB%E5%AE%A2%E6%9C%8D%E5%A4%87%E6%B3%A8%E3%80%91+3%E4%BB%B699[09%E6%B7%B1%E7%81%B0%2B09%E7%99%BD%E8%89%B2%2B09%E9%BB%91%E8%89%B2]+3%E4%BB%B699[09%E6%B7%B1%E7%81%B0%2B07%E6%B5%85%E7%81%B0%2B01%E6%B7%B1%E7%81%B0]+3%E4%BB%B699[09%E9%BB%91%E8%89%B2%2B07%E7%99%BD%E8%89%B2%2B12%E7%99%BD%E8%89%B2]+3%E4%BB%B699[09%E7%99%BD%E8%89%B2%2B07%E7%99%BD%E8%89%B2%2B01%E6%B5%85%E7%81%B0]+3%E4%BB%B699[01%E6%B7%B1%E7%81%B0%2B12%E9%BB%91%E8%89%B2%2B12%E7%99%BD%E8%89%B2]+3%E4%BB%B699[07%E7%99%BD%E8%89%B2%2B01%E6%B5%85%E7%81%B0%2B12%E7%99%BD%E8%89%B2]+3%E4%BB%B699[07%E7%99%BD%E8%89%B2%2B07%E9%BB%91%E8%89%B2%2B01%E6%B5%85%E7%81%B0]+3%E4%BB%B699[01%E6%B7%B1%E7%81%B0%2B01%E6%B5%85%E7%81%B0%2B12%E7%99%BD%E8%89%B2]+3%E4%BB%B699[07%E6%B5%85%E7%81%B0%2B01%E6%B5%85%E7%81%B0%2B12%E7%99%BD%E8%89%B2]+3%E4%BB%B699[07%E9%BB%91%E8%89%B2%2B01%E6%B7%B1%E7%81%B0%2B12%E7%99%BD%E8%89%B2]+3%E4%BB%B699%E5%85%83%E6%9B%B4%E5%88%92%E7%AE%97%2F%E8%87%AA%E7%94%B1%E7%BB%84%E5%90%88%E3%80%90%E8%81%94%E7%B3%BB%E5%AE%A2%E6%9C%8D%E5%A4%87%E6%B3%A8%E3%80%91+09%E6%B7%B1%E7%81%B0%E8%89%B2+09%E6%B5%85%E7%81%B0%E8%89%B2+09%E7%99%BD%E8%89%B2+09%E9%BB%91%E8%89%B2+07%E7%99%BD%E8%89%B2+07%E9%BB%91%E8%89%B2+07%E6%B5%85%E7%81%B0%E8%89%B2+07%E6%B7%B1%E7%81%B0%E8%89%B2+12%E7%99%BD%E8%89%B2+12%E9%BB%91%E8%89%B2+12%E6%B5%85%E7%81%B0%E8%89%B2+01%E7%99%BD%E8%89%B2+01%E9%BB%91%E8%89%B2+01%E6%B5%85%E7%81%B0+01%E6%B7%B1%E7%81%B0+02%E7%99%BD%E8%89%B2+02%E6%B5%85%E7%81%B0+%E7%BA%AF%E7%99%BD%E8%89%B2+%E7%BA%AF%E9%BB%91%E8%89%B2+%E8%A2%96%E5%9E%8B%EF%BC%9A%E5%B8%B8%E8%A7%84%E8%B4%A7%E5%8F%B7%EF%BC%9Anjr2022.05.02.12-199777%E7%BB%86%E5%88%86%E9%A3%8E%E6%A0%BC%EF%BC%9A%E6%BD%AE+%E5%9F%BA%E7%A1%80%E9%A3%8E%E6%A0%BC%EF%BC%9A%E9%9D%92%E6%98%A5%E6%B5%81%E8%A1%8C%E5%93%81%E7%89%8C%E7%B1%BB%E5%9E%8B%EF%BC%9A%E5%9B%BD%E5%86%85%E7%9F%A5%E5%90%8D%E5%93%81%E7%89%8C%E9%80%82%E7%94%A8%E5%AD%A3%E8%8A%82%EF%BC%9A%E5%A4%8F%E5%AD%A3+%E4%B8%8A%E5%B8%82%E5%B9%B4%E4%BB%BD%E5%AD%A3%E8%8A%82%EF%BC%9A2023%E5%B9%B4%E6%98%A5%E5%AD%A3%E8%A2%96%E9%95%BF%EF%BC%9A%E7%9F%AD%E8%A2%96%E5%8E%9A%E8%96%84%EF%BC%9A%E8%96%84+%E9%80%82%E7%94%A8%E5%9C%BA%E6%99%AF%EF%BC%9A%E5%85%B6%E4%BB%96%E4%BC%91%E9%97%B2%E7%89%88%E5%9E%8B%EF%BC%9A%E6%A0%87%E5%87%86%E6%AC%BE%E5%BC%8F%E7%BB%86%E8%8A%82%EF%BC%9A%E5%8D%B0%E8%8A%B1+%E6%9C%8D%E9%A5%B0%E5%B7%A5%E8%89%BA%EF%BC%9A%E5%85%8D%E7%83%AB%E5%A4%84%E7%90%86%E9%80%82%E7%94%A8%E5%AF%B9%E8%B1%A1%EF%BC%9A%E9%9D%92%E5%B9%B4%E9%9D%A2%E6%96%99%E5%8A%9F%E8%83%BD%EF%BC%9A%E5%87%89%E6%84%9F+%E5%8D%B0%E8%8A%B1%E4%B8%BB%E9%A2%98%EF%BC%9A%E5%85%B6%E4%BB%96%E9%94%80%E5%94%AE%E6%B8%A0%E9%81%93%E7%B1%BB%E5%9E%8B%EF%BC%9A%E7%BA%AF%E7%94%B5%E5%95%86(%E5%8F%AA%E5%9C%A8%E7%BA%BF%E4%B8%8A%E9%94%80%E5%94%AE)%E6%9D%90%E8%B4%A8%E6%88%90%E5%88%86%EF%BC%9A%E6%A3%8947%25+%E8%8E%AB%E4%BB%A3%E5%B0%94%E7%BA%A4%E7%BB%B4(%E8%8E%AB%E4%BB%A3&goodstitle=%E5%86%B0%E4%B8%9D%E7%94%B7%E5%A3%AB%E7%9F%AD%E8%A2%96%E5%A4%8F%E5%AD%A3t%E6%81%A4%E8%8E%AB%E4%BB%A3%E5%B0%94%E5%86%B0%E6%84%9F%E8%96%84%E6%AC%BE%E4%BD%93%E6%81%A4%E7%99%BD%E8%89%B2%E5%8D%B0%E8%8A%B1%E9%80%9F%E5%B9%B2%E5%8D%8A%E8%A2%96%E4%B8%8A%E8%A1%A3%E6%9C%8D ]. The valid characters are defined in RFC 7230 and RFC 3986
	at org.apache.coyote.http11.Http11InputBuffer.parseRequestLine(Http11InputBuffer.java:494)
	at org.apache.coyote.http11.Http11Processor.service(Http11Processor.java:269)
	at org.apache.coyote.AbstractProcessorLight.process(AbstractProcessorLight.java:65)
	at org.apache.coyote.AbstractProtocol$ConnectionHandler.process(AbstractProtocol.java:893)
	at org.apache.tomcat.util.net.NioEndpoint$SocketProcessor.doRun(NioEndpoint.java:1726)
	at org.apache.tomcat.util.net.SocketProcessorBase.run(SocketProcessorBase.java:49)
	at org.apache.tomcat.util.threads.ThreadPoolExecutor.runWorker(ThreadPoolExecutor.java:1191)
	at org.apache.tomcat.util.threads.ThreadPoolExecutor$Worker.run(ThreadPoolExecutor.java:659)
	at org.apache.tomcat.util.threads.TaskThread$WrappingRunnable.run(TaskThread.java:61)
	at java.lang.Thread.run(Thread.java:748)
