2023-06-29 01:35:15.395  INFO 19868 --- [main] com.test.FinalprojectApplication         : Starting FinalprojectApplication using Java 1.8.0_191 on DESKTOP-IQKC8MC with PID 19868 (F:\project\mall\target\classes started by f in F:\project\mall)
2023-06-29 01:35:15.398  INFO 19868 --- [main] com.test.FinalprojectApplication         : No active profile set, falling back to default profiles: default
2023-06-29 01:35:15.870  WARN 19868 --- [main] o.m.s.mapper.ClassPathMapperScanner      : No MyBatis mapper was found in '[com.test]' package. Please check your configuration.
2023-06-29 01:35:16.230  INFO 19868 --- [main] o.s.b.w.embedded.tomcat.TomcatWebServer  : Tomcat initialized with port(s): 9000 (http)
2023-06-29 01:35:16.236  INFO 19868 --- [main] o.apache.catalina.core.StandardService   : Starting service [Tomcat]
2023-06-29 01:35:16.236  INFO 19868 --- [main] org.apache.catalina.core.StandardEngine  : Starting Servlet engine: [Apache Tomcat/9.0.53]
2023-06-29 01:35:16.238  INFO 19868 --- [main] o.a.catalina.core.AprLifecycleListener   : An older version [1.2.14] of the Apache Tomcat Native library is installed, while Tomcat recommends a minimum version of [1.2.30]
2023-06-29 01:35:16.238  INFO 19868 --- [main] o.a.catalina.core.AprLifecycleListener   : Loaded Apache Tomcat Native library [1.2.14] using APR version [1.6.2].
2023-06-29 01:35:16.238  INFO 19868 --- [main] o.a.catalina.core.AprLifecycleListener   : APR capabilities: IPv6 [true], sendfile [true], accept filters [false], random [true], UDS [false].
2023-06-29 01:35:16.238  INFO 19868 --- [main] o.a.catalina.core.AprLifecycleListener   : APR/OpenSSL configuration: useAprConnector [false], useOpenSSL [true]
2023-06-29 01:35:17.275  INFO 19868 --- [main] o.a.catalina.core.AprLifecycleListener   : OpenSSL successfully initialized [OpenSSL 1.0.2l  25 May 2017]
2023-06-29 01:35:17.319  INFO 19868 --- [main] o.a.c.c.C.[Tomcat].[localhost].[/]       : Initializing Spring embedded WebApplicationContext
2023-06-29 01:35:17.320  INFO 19868 --- [main] w.s.c.ServletWebServerApplicationContext : Root WebApplicationContext: initialization completed in 1888 ms
2023-06-29 01:35:17.465  INFO 19868 --- [main] com.zaxxer.hikari.HikariDataSource       : HikariPool-1 - Starting...
2023-06-29 01:35:17.581  INFO 19868 --- [main] com.zaxxer.hikari.HikariDataSource       : HikariPool-1 - Start completed.
2023-06-29 01:35:18.008 DEBUG 19868 --- [main] s.w.s.m.m.a.RequestMappingHandlerAdapter : ControllerAdvice beans: 0 @ModelAttribute, 0 @InitBinder, 1 RequestBodyAdvice, 1 ResponseBodyAdvice
2023-06-29 01:35:18.062 DEBUG 19868 --- [main] s.w.s.m.m.a.RequestMappingHandlerMapping : 40 mappings in 'requestMappingHandlerMapping'
2023-06-29 01:35:18.089 DEBUG 19868 --- [main] o.s.w.s.handler.SimpleUrlHandlerMapping  : Patterns [/webjars/**, /**] in 'resourceHandlerMapping'
2023-06-29 01:35:18.096 DEBUG 19868 --- [main] .m.m.a.ExceptionHandlerExceptionResolver : ControllerAdvice beans: 0 @ExceptionHandler, 1 ResponseBodyAdvice
2023-06-29 01:35:18.182  INFO 19868 --- [main] o.s.b.w.embedded.tomcat.TomcatWebServer  : Tomcat started on port(s): 9000 (http) with context path ''
2023-06-29 01:35:18.190  INFO 19868 --- [main] com.test.FinalprojectApplication         : Started FinalprojectApplication in 3.134 seconds (JVM running for 4.715)
2023-06-29 01:37:01.203  INFO 19868 --- [SpringApplicationShutdownHook] com.zaxxer.hikari.HikariDataSource       : HikariPool-1 - Shutdown initiated...
2023-06-29 01:37:01.207  INFO 19868 --- [SpringApplicationShutdownHook] com.zaxxer.hikari.HikariDataSource       : HikariPool-1 - Shutdown completed.
